23:27:09 Start training
Epoch 1/50
23:42:54 train - loss: 0.9370
23:43:59 valid - loss: 0.7385
Epoch 2/50
23:57:03 train - loss: 0.7001
23:57:39 valid - loss: 0.6836
Epoch 3/50
00:10:43 train - loss: 0.6567
00:11:25 valid - loss: 0.6632
Epoch 4/50
00:24:29 train - loss: 0.6319
00:25:04 valid - loss: 0.6321
Epoch 5/50
00:38:08 train - loss: 0.6137
00:38:50 valid - loss: 0.6291
Epoch 6/50
00:51:54 train - loss: 0.6022
00:52:30 valid - loss: 0.6105
Epoch 7/50
01:05:34 train - loss: 0.5921
01:06:07 valid - loss: 0.6139
Epoch 8/50
01:19:11 train - loss: 0.5841
Loading and preparing results...
DONE (t=2.63s)
creating index...
index created!
Running per image evaluation...
Evaluate annotation type *bbox*
DONE (t=69.29s).
Accumulating evaluation results...
DONE (t=16.24s).
 Average Precision  (AP) @[ IoU=0.50:0.95 | area=   all | maxDets=100 ] = 0.297
 Average Precision  (AP) @[ IoU=0.50      | area=   all | maxDets=100 ] = 0.472
 Average Precision  (AP) @[ IoU=0.75      | area=   all | maxDets=100 ] = 0.316
 Average Precision  (AP) @[ IoU=0.50:0.95 | area= small | maxDets=100 ] = 0.164
 Average Precision  (AP) @[ IoU=0.50:0.95 | area=medium | maxDets=100 ] = 0.339
 Average Precision  (AP) @[ IoU=0.50:0.95 | area= large | maxDets=100 ] = 0.395
 Average Recall     (AR) @[ IoU=0.50:0.95 | area=   all | maxDets=  1 ] = 0.279
 Average Recall     (AR) @[ IoU=0.50:0.95 | area=   all | maxDets= 10 ] = 0.458
 Average Recall     (AR) @[ IoU=0.50:0.95 | area=   all | maxDets=100 ] = 0.499
 Average Recall     (AR) @[ IoU=0.50:0.95 | area= small | maxDets=100 ] = 0.319
 Average Recall     (AR) @[ IoU=0.50:0.95 | area=medium | maxDets=100 ] = 0.547
 Average Recall     (AR) @[ IoU=0.50:0.95 | area= large | maxDets=100 ] = 0.648
01:26:45 valid - loss: 0.6074, AP: 0.2970
Epoch 9/50
01:39:49 train - loss: 0.5765
01:40:21 valid - loss: 0.6233
Epoch 10/50
01:53:25 train - loss: 0.5706
01:54:09 valid - loss: 0.5972
Epoch 11/50
02:07:13 train - loss: 0.5639
02:07:46 valid - loss: 0.5832
Epoch 12/50
02:20:49 train - loss: 0.5583
02:21:25 valid - loss: 0.5903
Epoch 13/50
02:34:29 train - loss: 0.5531
02:35:01 valid - loss: 0.5842
Epoch 14/50
02:48:05 train - loss: 0.5492
02:48:49 valid - loss: 0.5728
Epoch 15/50
03:01:53 train - loss: 0.5431
03:02:26 valid - loss: 0.5700
Epoch 16/50
03:15:30 train - loss: 0.5386
Loading and preparing results...
DONE (t=5.17s)
creating index...
index created!
Running per image evaluation...
Evaluate annotation type *bbox*
DONE (t=65.54s).
Accumulating evaluation results...
DONE (t=14.54s).
 Average Precision  (AP) @[ IoU=0.50:0.95 | area=   all | maxDets=100 ] = 0.328
 Average Precision  (AP) @[ IoU=0.50      | area=   all | maxDets=100 ] = 0.506
 Average Precision  (AP) @[ IoU=0.75      | area=   all | maxDets=100 ] = 0.347
 Average Precision  (AP) @[ IoU=0.50:0.95 | area= small | maxDets=100 ] = 0.188
 Average Precision  (AP) @[ IoU=0.50:0.95 | area=medium | maxDets=100 ] = 0.374
 Average Precision  (AP) @[ IoU=0.50:0.95 | area= large | maxDets=100 ] = 0.441
 Average Recall     (AR) @[ IoU=0.50:0.95 | area=   all | maxDets=  1 ] = 0.299
 Average Recall     (AR) @[ IoU=0.50:0.95 | area=   all | maxDets= 10 ] = 0.487
 Average Recall     (AR) @[ IoU=0.50:0.95 | area=   all | maxDets=100 ] = 0.529
 Average Recall     (AR) @[ IoU=0.50:0.95 | area= small | maxDets=100 ] = 0.330
 Average Recall     (AR) @[ IoU=0.50:0.95 | area=medium | maxDets=100 ] = 0.577
 Average Recall     (AR) @[ IoU=0.50:0.95 | area= large | maxDets=100 ] = 0.682
03:21:49 valid - loss: 0.5718, AP: 0.3280
Epoch 17/50
03:34:53 train - loss: 0.5340
03:35:26 valid - loss: 0.5673
Epoch 18/50
03:48:30 train - loss: 0.5281
03:49:05 valid - loss: 0.5654
Epoch 19/50
04:02:09 train - loss: 0.5238
04:02:42 valid - loss: 0.5643
Epoch 20/50
04:15:46 train - loss: 0.5186
04:16:21 valid - loss: 0.5595
Epoch 21/50
04:29:25 train - loss: 0.5135
04:29:57 valid - loss: 0.5632
Epoch 22/50
04:43:01 train - loss: 0.5084
04:43:45 valid - loss: 0.5544
Epoch 23/50
04:56:49 train - loss: 0.5043
04:57:22 valid - loss: 0.5504
Epoch 24/50
05:10:26 train - loss: 0.4981
Loading and preparing results...
DONE (t=0.99s)
creating index...
index created!
Running per image evaluation...
Evaluate annotation type *bbox*
DONE (t=67.90s).
Accumulating evaluation results...
DONE (t=15.50s).
 Average Precision  (AP) @[ IoU=0.50:0.95 | area=   all | maxDets=100 ] = 0.348
 Average Precision  (AP) @[ IoU=0.50      | area=   all | maxDets=100 ] = 0.529
 Average Precision  (AP) @[ IoU=0.75      | area=   all | maxDets=100 ] = 0.372
 Average Precision  (AP) @[ IoU=0.50:0.95 | area= small | maxDets=100 ] = 0.211
 Average Precision  (AP) @[ IoU=0.50:0.95 | area=medium | maxDets=100 ] = 0.385
 Average Precision  (AP) @[ IoU=0.50:0.95 | area= large | maxDets=100 ] = 0.455
 Average Recall     (AR) @[ IoU=0.50:0.95 | area=   all | maxDets=  1 ] = 0.310
 Average Recall     (AR) @[ IoU=0.50:0.95 | area=   all | maxDets= 10 ] = 0.505
 Average Recall     (AR) @[ IoU=0.50:0.95 | area=   all | maxDets=100 ] = 0.548
 Average Recall     (AR) @[ IoU=0.50:0.95 | area= small | maxDets=100 ] = 0.364
 Average Recall     (AR) @[ IoU=0.50:0.95 | area=medium | maxDets=100 ] = 0.592
 Average Recall     (AR) @[ IoU=0.50:0.95 | area= large | maxDets=100 ] = 0.689
05:16:51 valid - loss: 0.5475, AP: 0.3485
Epoch 25/50
05:29:55 train - loss: 0.4923
05:30:28 valid - loss: 0.5447
Epoch 26/50
05:43:32 train - loss: 0.4867
05:44:07 valid - loss: 0.5454
Epoch 27/50
05:57:11 train - loss: 0.4813
05:57:44 valid - loss: 0.5567
Epoch 28/50
06:10:48 train - loss: 0.4744
06:11:32 valid - loss: 0.5382
Epoch 29/50
06:24:36 train - loss: 0.4689
06:25:08 valid - loss: 0.5294
Epoch 30/50
06:38:12 train - loss: 0.4637
06:38:48 valid - loss: 0.5335
Epoch 31/50
06:51:51 train - loss: 0.4563
06:52:25 valid - loss: 0.5232
Epoch 32/50
07:05:29 train - loss: 0.4500
Loading and preparing results...
DONE (t=0.97s)
creating index...
index created!
Running per image evaluation...
Evaluate annotation type *bbox*
DONE (t=67.03s).
Accumulating evaluation results...
DONE (t=14.32s).
 Average Precision  (AP) @[ IoU=0.50:0.95 | area=   all | maxDets=100 ] = 0.373
 Average Precision  (AP) @[ IoU=0.50      | area=   all | maxDets=100 ] = 0.566
 Average Precision  (AP) @[ IoU=0.75      | area=   all | maxDets=100 ] = 0.400
 Average Precision  (AP) @[ IoU=0.50:0.95 | area= small | maxDets=100 ] = 0.230
 Average Precision  (AP) @[ IoU=0.50:0.95 | area=medium | maxDets=100 ] = 0.415
 Average Precision  (AP) @[ IoU=0.50:0.95 | area= large | maxDets=100 ] = 0.483
 Average Recall     (AR) @[ IoU=0.50:0.95 | area=   all | maxDets=  1 ] = 0.322
 Average Recall     (AR) @[ IoU=0.50:0.95 | area=   all | maxDets= 10 ] = 0.523
 Average Recall     (AR) @[ IoU=0.50:0.95 | area=   all | maxDets=100 ] = 0.568
 Average Recall     (AR) @[ IoU=0.50:0.95 | area= small | maxDets=100 ] = 0.390
 Average Recall     (AR) @[ IoU=0.50:0.95 | area=medium | maxDets=100 ] = 0.611
 Average Recall     (AR) @[ IoU=0.50:0.95 | area= large | maxDets=100 ] = 0.704
07:11:59 valid - loss: 0.5227, AP: 0.3730
Epoch 33/50
07:25:03 train - loss: 0.4441
07:25:35 valid - loss: 0.5155
Epoch 34/50
07:38:39 train - loss: 0.4363
07:39:15 valid - loss: 0.5156
Epoch 35/50
07:52:19 train - loss: 0.4299
07:52:52 valid - loss: 0.5152
Epoch 36/50
08:05:56 train - loss: 0.4227
08:06:30 valid - loss: 0.5079
09:56:36 Start training
Epoch 37/50
10:12:21 train - loss: 0.4177
10:13:29 valid - loss: 0.5015
Epoch 38/50
10:26:34 train - loss: 0.4098
10:27:10 valid - loss: 0.5009
Epoch 39/50
10:40:14 train - loss: 0.4029
10:40:47 valid - loss: 0.4987
Epoch 40/50
10:53:51 train - loss: 0.3955
Loading and preparing results...
DONE (t=4.77s)
creating index...
index created!
Running per image evaluation...
Evaluate annotation type *bbox*
DONE (t=64.84s).
Accumulating evaluation results...
DONE (t=12.55s).
 Average Precision  (AP) @[ IoU=0.50:0.95 | area=   all | maxDets=100 ] = 0.403
 Average Precision  (AP) @[ IoU=0.50      | area=   all | maxDets=100 ] = 0.600
 Average Precision  (AP) @[ IoU=0.75      | area=   all | maxDets=100 ] = 0.430
 Average Precision  (AP) @[ IoU=0.50:0.95 | area= small | maxDets=100 ] = 0.247
 Average Precision  (AP) @[ IoU=0.50:0.95 | area=medium | maxDets=100 ] = 0.445
 Average Precision  (AP) @[ IoU=0.50:0.95 | area= large | maxDets=100 ] = 0.522
 Average Recall     (AR) @[ IoU=0.50:0.95 | area=   all | maxDets=  1 ] = 0.335
 Average Recall     (AR) @[ IoU=0.50:0.95 | area=   all | maxDets= 10 ] = 0.544
 Average Recall     (AR) @[ IoU=0.50:0.95 | area=   all | maxDets=100 ] = 0.587
 Average Recall     (AR) @[ IoU=0.50:0.95 | area= small | maxDets=100 ] = 0.420
 Average Recall     (AR) @[ IoU=0.50:0.95 | area=medium | maxDets=100 ] = 0.627
 Average Recall     (AR) @[ IoU=0.50:0.95 | area= large | maxDets=100 ] = 0.729
11:01:17 valid - loss: 0.4964, AP: 0.4032
Epoch 41/50
11:14:21 train - loss: 0.3883
11:14:54 valid - loss: 0.4976
Epoch 42/50
11:27:58 train - loss: 0.3821
11:28:33 valid - loss: 0.4961
Epoch 43/50
11:41:36 train - loss: 0.3756
11:42:09 valid - loss: 0.4963
Epoch 44/50
11:55:13 train - loss: 0.3698
11:55:57 valid - loss: 0.4974
Epoch 45/50
12:09:01 train - loss: 0.3656
Loading and preparing results...
DONE (t=5.00s)
creating index...
index created!
Running per image evaluation...
Evaluate annotation type *bbox*
DONE (t=61.20s).
Accumulating evaluation results...
DONE (t=14.72s).
 Average Precision  (AP) @[ IoU=0.50:0.95 | area=   all | maxDets=100 ] = 0.408
 Average Precision  (AP) @[ IoU=0.50      | area=   all | maxDets=100 ] = 0.606
 Average Precision  (AP) @[ IoU=0.75      | area=   all | maxDets=100 ] = 0.434
 Average Precision  (AP) @[ IoU=0.50:0.95 | area= small | maxDets=100 ] = 0.255
 Average Precision  (AP) @[ IoU=0.50:0.95 | area=medium | maxDets=100 ] = 0.451
 Average Precision  (AP) @[ IoU=0.50:0.95 | area= large | maxDets=100 ] = 0.526
 Average Recall     (AR) @[ IoU=0.50:0.95 | area=   all | maxDets=  1 ] = 0.337
 Average Recall     (AR) @[ IoU=0.50:0.95 | area=   all | maxDets= 10 ] = 0.545
 Average Recall     (AR) @[ IoU=0.50:0.95 | area=   all | maxDets=100 ] = 0.588
 Average Recall     (AR) @[ IoU=0.50:0.95 | area= small | maxDets=100 ] = 0.411
 Average Recall     (AR) @[ IoU=0.50:0.95 | area=medium | maxDets=100 ] = 0.628
 Average Recall     (AR) @[ IoU=0.50:0.95 | area= large | maxDets=100 ] = 0.727
12:15:04 valid - loss: 0.4965, AP: 0.4081
Epoch 46/50
12:28:08 train - loss: 0.3609
12:28:43 valid - loss: 0.4966
Epoch 47/50
12:41:47 train - loss: 0.3576
12:42:20 valid - loss: 0.4969
Epoch 48/50
12:55:23 train - loss: 0.3553
12:55:58 valid - loss: 0.4969
Epoch 49/50
13:09:02 train - loss: 0.3538
13:09:35 valid - loss: 0.4962
Epoch 50/50
13:22:39 train - loss: 0.3536
Loading and preparing results...
DONE (t=4.72s)
creating index...
index created!
Running per image evaluation...
Evaluate annotation type *bbox*
DONE (t=60.40s).
Accumulating evaluation results...
DONE (t=12.17s).
 Average Precision  (AP) @[ IoU=0.50:0.95 | area=   all | maxDets=100 ] = 0.411
 Average Precision  (AP) @[ IoU=0.50      | area=   all | maxDets=100 ] = 0.610
 Average Precision  (AP) @[ IoU=0.75      | area=   all | maxDets=100 ] = 0.437
 Average Precision  (AP) @[ IoU=0.50:0.95 | area= small | maxDets=100 ] = 0.258
 Average Precision  (AP) @[ IoU=0.50:0.95 | area=medium | maxDets=100 ] = 0.452
 Average Precision  (AP) @[ IoU=0.50:0.95 | area= large | maxDets=100 ] = 0.527
 Average Recall     (AR) @[ IoU=0.50:0.95 | area=   all | maxDets=  1 ] = 0.338
 Average Recall     (AR) @[ IoU=0.50:0.95 | area=   all | maxDets= 10 ] = 0.546
 Average Recall     (AR) @[ IoU=0.50:0.95 | area=   all | maxDets=100 ] = 0.589
 Average Recall     (AR) @[ IoU=0.50:0.95 | area= small | maxDets=100 ] = 0.411
 Average Recall     (AR) @[ IoU=0.50:0.95 | area=medium | maxDets=100 ] = 0.625
 Average Recall     (AR) @[ IoU=0.50:0.95 | area= large | maxDets=100 ] = 0.724
13:28:38 valid - loss: 0.4967, AP: 0.4106