11:19:44 Start training
Epoch 1/50
11:33:10 train - loss: 2.4368
11:34:13 valid - loss: 2.2057
Epoch 2/50
11:45:00 train - loss: 2.0886
11:45:23 valid - loss: 2.0792
Epoch 3/50
11:56:09 train - loss: 1.9900
11:56:30 valid - loss: 1.9697
Epoch 4/50
12:07:16 train - loss: 1.9322
12:07:37 valid - loss: 1.9080
Epoch 5/50
12:18:23 train - loss: 1.8878
12:18:46 valid - loss: 1.9356
Epoch 6/50
12:29:32 train - loss: 1.8542
12:29:53 valid - loss: 1.8712
Epoch 7/50
12:40:40 train - loss: 1.8275
12:41:01 valid - loss: 1.8237
Epoch 8/50
12:51:47 train - loss: 1.8049
Loading and preparing results...
DONE (t=3.03s)
creating index...
index created!
Running per image evaluation...
Evaluate annotation type *bbox*
DONE (t=71.15s).
Accumulating evaluation results...
DONE (t=20.10s).
 Average Precision  (AP) @[ IoU=0.50:0.95 | area=   all | maxDets=100 ] = 0.300
 Average Precision  (AP) @[ IoU=0.50      | area=   all | maxDets=100 ] = 0.437
 Average Precision  (AP) @[ IoU=0.75      | area=   all | maxDets=100 ] = 0.326
 Average Precision  (AP) @[ IoU=0.50:0.95 | area= small | maxDets=100 ] = 0.175
 Average Precision  (AP) @[ IoU=0.50:0.95 | area=medium | maxDets=100 ] = 0.328
 Average Precision  (AP) @[ IoU=0.50:0.95 | area= large | maxDets=100 ] = 0.386
 Average Recall     (AR) @[ IoU=0.50:0.95 | area=   all | maxDets=  1 ] = 0.290
 Average Recall     (AR) @[ IoU=0.50:0.95 | area=   all | maxDets= 10 ] = 0.493
 Average Recall     (AR) @[ IoU=0.50:0.95 | area=   all | maxDets=100 ] = 0.536
 Average Recall     (AR) @[ IoU=0.50:0.95 | area= small | maxDets=100 ] = 0.345
 Average Recall     (AR) @[ IoU=0.50:0.95 | area=medium | maxDets=100 ] = 0.581
 Average Recall     (AR) @[ IoU=0.50:0.95 | area= large | maxDets=100 ] = 0.684
12:55:45 valid - loss: 1.7892, AP: 0.3005
Epoch 9/50
13:06:31 train - loss: 1.7854
13:06:52 valid - loss: 1.7783
Epoch 10/50
13:17:38 train - loss: 1.7681
13:18:00 valid - loss: 1.7865
Epoch 11/50
13:28:46 train - loss: 1.7542
13:29:07 valid - loss: 1.7661
Epoch 12/50
13:39:53 train - loss: 1.7387
13:40:15 valid - loss: 1.7578
Epoch 13/50
13:51:01 train - loss: 1.7273
13:51:24 valid - loss: 1.7318
Epoch 14/50
14:02:10 train - loss: 1.7159
14:02:32 valid - loss: 1.7396
Epoch 15/50
14:13:18 train - loss: 1.7064
14:13:40 valid - loss: 1.7277
Epoch 16/50
14:24:26 train - loss: 1.6957
Loading and preparing results...
DONE (t=6.48s)
creating index...
index created!
Running per image evaluation...
Evaluate annotation type *bbox*
DONE (t=67.07s).
Accumulating evaluation results...
DONE (t=19.45s).
 Average Precision  (AP) @[ IoU=0.50:0.95 | area=   all | maxDets=100 ] = 0.343
 Average Precision  (AP) @[ IoU=0.50      | area=   all | maxDets=100 ] = 0.491
 Average Precision  (AP) @[ IoU=0.75      | area=   all | maxDets=100 ] = 0.372
 Average Precision  (AP) @[ IoU=0.50:0.95 | area= small | maxDets=100 ] = 0.202
 Average Precision  (AP) @[ IoU=0.50:0.95 | area=medium | maxDets=100 ] = 0.376
 Average Precision  (AP) @[ IoU=0.50:0.95 | area= large | maxDets=100 ] = 0.446
 Average Recall     (AR) @[ IoU=0.50:0.95 | area=   all | maxDets=  1 ] = 0.315
 Average Recall     (AR) @[ IoU=0.50:0.95 | area=   all | maxDets= 10 ] = 0.528
 Average Recall     (AR) @[ IoU=0.50:0.95 | area=   all | maxDets=100 ] = 0.571
 Average Recall     (AR) @[ IoU=0.50:0.95 | area= small | maxDets=100 ] = 0.373
 Average Recall     (AR) @[ IoU=0.50:0.95 | area=medium | maxDets=100 ] = 0.619
 Average Recall     (AR) @[ IoU=0.50:0.95 | area= large | maxDets=100 ] = 0.723
14:27:09 valid - loss: 1.7234, AP: 0.3430
Epoch 17/50
14:37:55 train - loss: 1.6848
14:38:17 valid - loss: 1.7075
Epoch 18/50
14:49:03 train - loss: 1.6747
14:49:24 valid - loss: 1.6990
Epoch 19/50
15:00:11 train - loss: 1.6649
15:00:32 valid - loss: 1.7026
Epoch 20/50
15:11:18 train - loss: 1.6576
15:11:40 valid - loss: 1.6819
Epoch 21/50
15:22:26 train - loss: 1.6473
15:22:48 valid - loss: 1.6906
Epoch 22/50
15:33:34 train - loss: 1.6386
15:33:55 valid - loss: 1.6583
Epoch 23/50
15:44:41 train - loss: 1.6280
15:45:03 valid - loss: 1.6471
Epoch 24/50
15:55:49 train - loss: 1.6182
Loading and preparing results...
DONE (t=6.13s)
creating index...
index created!
Running per image evaluation...
Evaluate annotation type *bbox*
DONE (t=65.35s).
Accumulating evaluation results...
DONE (t=15.38s).
 Average Precision  (AP) @[ IoU=0.50:0.95 | area=   all | maxDets=100 ] = 0.380
 Average Precision  (AP) @[ IoU=0.50      | area=   all | maxDets=100 ] = 0.538
 Average Precision  (AP) @[ IoU=0.75      | area=   all | maxDets=100 ] = 0.415
 Average Precision  (AP) @[ IoU=0.50:0.95 | area= small | maxDets=100 ] = 0.231
 Average Precision  (AP) @[ IoU=0.50:0.95 | area=medium | maxDets=100 ] = 0.411
 Average Precision  (AP) @[ IoU=0.50:0.95 | area= large | maxDets=100 ] = 0.494
 Average Recall     (AR) @[ IoU=0.50:0.95 | area=   all | maxDets=  1 ] = 0.333
 Average Recall     (AR) @[ IoU=0.50:0.95 | area=   all | maxDets= 10 ] = 0.555
 Average Recall     (AR) @[ IoU=0.50:0.95 | area=   all | maxDets=100 ] = 0.600
 Average Recall     (AR) @[ IoU=0.50:0.95 | area= small | maxDets=100 ] = 0.415
 Average Recall     (AR) @[ IoU=0.50:0.95 | area=medium | maxDets=100 ] = 0.643
 Average Recall     (AR) @[ IoU=0.50:0.95 | area= large | maxDets=100 ] = 0.745
15:58:24 valid - loss: 1.6486, AP: 0.3805
Epoch 25/50
16:09:10 train - loss: 1.6087
16:09:32 valid - loss: 1.6411
Epoch 26/50
16:20:18 train - loss: 1.5987
16:20:40 valid - loss: 1.6450
Epoch 27/50
16:31:27 train - loss: 1.5890
16:31:49 valid - loss: 1.6413
Epoch 28/50
16:42:35 train - loss: 1.5774
16:42:57 valid - loss: 1.6262
Epoch 29/50
16:53:43 train - loss: 1.5665
16:54:05 valid - loss: 1.6098
Epoch 30/50
17:04:51 train - loss: 1.5582
17:05:13 valid - loss: 1.6191
Epoch 31/50
17:15:59 train - loss: 1.5474
17:16:21 valid - loss: 1.6062
Epoch 32/50
17:27:07 train - loss: 1.5357
Loading and preparing results...
DONE (t=5.62s)
creating index...
index created!
Running per image evaluation...
Evaluate annotation type *bbox*
DONE (t=63.99s).
Accumulating evaluation results...
DONE (t=14.40s).
 Average Precision  (AP) @[ IoU=0.50:0.95 | area=   all | maxDets=100 ] = 0.418
 Average Precision  (AP) @[ IoU=0.50      | area=   all | maxDets=100 ] = 0.584
 Average Precision  (AP) @[ IoU=0.75      | area=   all | maxDets=100 ] = 0.455
 Average Precision  (AP) @[ IoU=0.50:0.95 | area= small | maxDets=100 ] = 0.269
 Average Precision  (AP) @[ IoU=0.50:0.95 | area=medium | maxDets=100 ] = 0.454
 Average Precision  (AP) @[ IoU=0.50:0.95 | area= large | maxDets=100 ] = 0.537
 Average Recall     (AR) @[ IoU=0.50:0.95 | area=   all | maxDets=  1 ] = 0.346
 Average Recall     (AR) @[ IoU=0.50:0.95 | area=   all | maxDets= 10 ] = 0.581
 Average Recall     (AR) @[ IoU=0.50:0.95 | area=   all | maxDets=100 ] = 0.627
 Average Recall     (AR) @[ IoU=0.50:0.95 | area= small | maxDets=100 ] = 0.457
 Average Recall     (AR) @[ IoU=0.50:0.95 | area=medium | maxDets=100 ] = 0.677
 Average Recall     (AR) @[ IoU=0.50:0.95 | area= large | maxDets=100 ] = 0.769
17:29:42 valid - loss: 1.5879, AP: 0.4178
Epoch 33/50
17:40:28 train - loss: 1.5256
17:40:49 valid - loss: 1.5824
Epoch 34/50
17:51:36 train - loss: 1.5140
17:51:58 valid - loss: 1.5793
Epoch 35/50
18:02:44 train - loss: 1.5037
18:03:06 valid - loss: 1.5666
Epoch 36/50
18:13:52 train - loss: 1.4950
18:14:13 valid - loss: 1.5660
Epoch 37/50
18:24:59 train - loss: 1.4841
18:25:22 valid - loss: 1.5625
Epoch 38/50
18:36:08 train - loss: 1.4720
18:36:30 valid - loss: 1.5595
Epoch 39/50
18:47:16 train - loss: 1.4628
18:47:37 valid - loss: 1.5544
Epoch 40/50
18:58:24 train - loss: 1.4549
Loading and preparing results...
DONE (t=0.89s)
creating index...
index created!
Running per image evaluation...
Evaluate annotation type *bbox*
DONE (t=62.76s).
Accumulating evaluation results...
DONE (t=12.92s).
 Average Precision  (AP) @[ IoU=0.50:0.95 | area=   all | maxDets=100 ] = 0.442
 Average Precision  (AP) @[ IoU=0.50      | area=   all | maxDets=100 ] = 0.613
 Average Precision  (AP) @[ IoU=0.75      | area=   all | maxDets=100 ] = 0.484
 Average Precision  (AP) @[ IoU=0.50:0.95 | area= small | maxDets=100 ] = 0.283
 Average Precision  (AP) @[ IoU=0.50:0.95 | area=medium | maxDets=100 ] = 0.486
 Average Precision  (AP) @[ IoU=0.50:0.95 | area= large | maxDets=100 ] = 0.568
 Average Recall     (AR) @[ IoU=0.50:0.95 | area=   all | maxDets=  1 ] = 0.359
 Average Recall     (AR) @[ IoU=0.50:0.95 | area=   all | maxDets= 10 ] = 0.594
 Average Recall     (AR) @[ IoU=0.50:0.95 | area=   all | maxDets=100 ] = 0.641
 Average Recall     (AR) @[ IoU=0.50:0.95 | area= small | maxDets=100 ] = 0.470
 Average Recall     (AR) @[ IoU=0.50:0.95 | area=medium | maxDets=100 ] = 0.690
 Average Recall     (AR) @[ IoU=0.50:0.95 | area= large | maxDets=100 ] = 0.781
19:00:51 valid - loss: 1.5468, AP: 0.4425
Epoch 41/50
19:11:37 train - loss: 1.4464
19:11:59 valid - loss: 1.5476
Epoch 42/50
19:22:45 train - loss: 1.4387
Loading and preparing results...
DONE (t=6.38s)
creating index...
index created!
Running per image evaluation...
Evaluate annotation type *bbox*
DONE (t=63.78s).
Accumulating evaluation results...
DONE (t=12.78s).
 Average Precision  (AP) @[ IoU=0.50:0.95 | area=   all | maxDets=100 ] = 0.446
 Average Precision  (AP) @[ IoU=0.50      | area=   all | maxDets=100 ] = 0.618
 Average Precision  (AP) @[ IoU=0.75      | area=   all | maxDets=100 ] = 0.487
 Average Precision  (AP) @[ IoU=0.50:0.95 | area= small | maxDets=100 ] = 0.283
 Average Precision  (AP) @[ IoU=0.50:0.95 | area=medium | maxDets=100 ] = 0.491
 Average Precision  (AP) @[ IoU=0.50:0.95 | area= large | maxDets=100 ] = 0.581
 Average Recall     (AR) @[ IoU=0.50:0.95 | area=   all | maxDets=  1 ] = 0.361
 Average Recall     (AR) @[ IoU=0.50:0.95 | area=   all | maxDets= 10 ] = 0.598
 Average Recall     (AR) @[ IoU=0.50:0.95 | area=   all | maxDets=100 ] = 0.644
 Average Recall     (AR) @[ IoU=0.50:0.95 | area= small | maxDets=100 ] = 0.470
 Average Recall     (AR) @[ IoU=0.50:0.95 | area=medium | maxDets=100 ] = 0.695
 Average Recall     (AR) @[ IoU=0.50:0.95 | area= large | maxDets=100 ] = 0.783
19:25:19 valid - loss: 1.5408, AP: 0.4464
Epoch 43/50
19:36:05 train - loss: 1.4307
19:36:27 valid - loss: 1.5398
Epoch 44/50
19:47:13 train - loss: 1.4256
Loading and preparing results...
DONE (t=5.56s)
creating index...
index created!
Running per image evaluation...
Evaluate annotation type *bbox*
DONE (t=61.80s).
Accumulating evaluation results...
DONE (t=12.05s).
 Average Precision  (AP) @[ IoU=0.50:0.95 | area=   all | maxDets=100 ] = 0.451
 Average Precision  (AP) @[ IoU=0.50      | area=   all | maxDets=100 ] = 0.623
 Average Precision  (AP) @[ IoU=0.75      | area=   all | maxDets=100 ] = 0.492
 Average Precision  (AP) @[ IoU=0.50:0.95 | area= small | maxDets=100 ] = 0.289
 Average Precision  (AP) @[ IoU=0.50:0.95 | area=medium | maxDets=100 ] = 0.492
 Average Precision  (AP) @[ IoU=0.50:0.95 | area= large | maxDets=100 ] = 0.585
 Average Recall     (AR) @[ IoU=0.50:0.95 | area=   all | maxDets=  1 ] = 0.363
 Average Recall     (AR) @[ IoU=0.50:0.95 | area=   all | maxDets= 10 ] = 0.599
 Average Recall     (AR) @[ IoU=0.50:0.95 | area=   all | maxDets=100 ] = 0.646
 Average Recall     (AR) @[ IoU=0.50:0.95 | area= small | maxDets=100 ] = 0.473
 Average Recall     (AR) @[ IoU=0.50:0.95 | area=medium | maxDets=100 ] = 0.695
 Average Recall     (AR) @[ IoU=0.50:0.95 | area= large | maxDets=100 ] = 0.786
19:49:38 valid - loss: 1.5364, AP: 0.4506
Epoch 45/50
20:00:24 train - loss: 1.4211
20:00:47 valid - loss: 1.5357
Epoch 46/50
20:11:33 train - loss: 1.4162
Loading and preparing results...
DONE (t=4.25s)
creating index...
index created!
Running per image evaluation...
Evaluate annotation type *bbox*
DONE (t=59.82s).
Accumulating evaluation results...
DONE (t=12.22s).
 Average Precision  (AP) @[ IoU=0.50:0.95 | area=   all | maxDets=100 ] = 0.451
 Average Precision  (AP) @[ IoU=0.50      | area=   all | maxDets=100 ] = 0.624
 Average Precision  (AP) @[ IoU=0.75      | area=   all | maxDets=100 ] = 0.493
 Average Precision  (AP) @[ IoU=0.50:0.95 | area= small | maxDets=100 ] = 0.293
 Average Precision  (AP) @[ IoU=0.50:0.95 | area=medium | maxDets=100 ] = 0.494
 Average Precision  (AP) @[ IoU=0.50:0.95 | area= large | maxDets=100 ] = 0.581
 Average Recall     (AR) @[ IoU=0.50:0.95 | area=   all | maxDets=  1 ] = 0.364
 Average Recall     (AR) @[ IoU=0.50:0.95 | area=   all | maxDets= 10 ] = 0.601
 Average Recall     (AR) @[ IoU=0.50:0.95 | area=   all | maxDets=100 ] = 0.647
 Average Recall     (AR) @[ IoU=0.50:0.95 | area= small | maxDets=100 ] = 0.474
 Average Recall     (AR) @[ IoU=0.50:0.95 | area=medium | maxDets=100 ] = 0.695
 Average Recall     (AR) @[ IoU=0.50:0.95 | area= large | maxDets=100 ] = 0.786
20:13:54 valid - loss: 1.5340, AP: 0.4511
Epoch 47/50
20:24:40 train - loss: 1.4131
20:25:01 valid - loss: 1.5331
Epoch 48/50
20:35:48 train - loss: 1.4109
Loading and preparing results...
DONE (t=4.42s)
creating index...
index created!
Running per image evaluation...
Evaluate annotation type *bbox*
DONE (t=59.35s).
Accumulating evaluation results...
DONE (t=12.07s).
 Average Precision  (AP) @[ IoU=0.50:0.95 | area=   all | maxDets=100 ] = 0.454
 Average Precision  (AP) @[ IoU=0.50      | area=   all | maxDets=100 ] = 0.627
 Average Precision  (AP) @[ IoU=0.75      | area=   all | maxDets=100 ] = 0.495
 Average Precision  (AP) @[ IoU=0.50:0.95 | area= small | maxDets=100 ] = 0.294
 Average Precision  (AP) @[ IoU=0.50:0.95 | area=medium | maxDets=100 ] = 0.496
 Average Precision  (AP) @[ IoU=0.50:0.95 | area= large | maxDets=100 ] = 0.585
 Average Recall     (AR) @[ IoU=0.50:0.95 | area=   all | maxDets=  1 ] = 0.364
 Average Recall     (AR) @[ IoU=0.50:0.95 | area=   all | maxDets= 10 ] = 0.601
 Average Recall     (AR) @[ IoU=0.50:0.95 | area=   all | maxDets=100 ] = 0.648
 Average Recall     (AR) @[ IoU=0.50:0.95 | area= small | maxDets=100 ] = 0.472
 Average Recall     (AR) @[ IoU=0.50:0.95 | area=medium | maxDets=100 ] = 0.697
 Average Recall     (AR) @[ IoU=0.50:0.95 | area= large | maxDets=100 ] = 0.788
20:38:12 valid - loss: 1.5324, AP: 0.4536
Epoch 49/50
20:48:58 train - loss: 1.4098
20:49:20 valid - loss: 1.5318
Epoch 50/50
21:00:06 train - loss: 1.4089
Loading and preparing results...
DONE (t=0.84s)
creating index...
index created!
Running per image evaluation...
Evaluate annotation type *bbox*
DONE (t=61.32s).
Accumulating evaluation results...
DONE (t=12.01s).
 Average Precision  (AP) @[ IoU=0.50:0.95 | area=   all | maxDets=100 ] = 0.454
 Average Precision  (AP) @[ IoU=0.50      | area=   all | maxDets=100 ] = 0.627
 Average Precision  (AP) @[ IoU=0.75      | area=   all | maxDets=100 ] = 0.495
 Average Precision  (AP) @[ IoU=0.50:0.95 | area= small | maxDets=100 ] = 0.295
 Average Precision  (AP) @[ IoU=0.50:0.95 | area=medium | maxDets=100 ] = 0.496
 Average Precision  (AP) @[ IoU=0.50:0.95 | area= large | maxDets=100 ] = 0.585
 Average Recall     (AR) @[ IoU=0.50:0.95 | area=   all | maxDets=  1 ] = 0.365
 Average Recall     (AR) @[ IoU=0.50:0.95 | area=   all | maxDets= 10 ] = 0.602
 Average Recall     (AR) @[ IoU=0.50:0.95 | area=   all | maxDets=100 ] = 0.648
 Average Recall     (AR) @[ IoU=0.50:0.95 | area= small | maxDets=100 ] = 0.473
 Average Recall     (AR) @[ IoU=0.50:0.95 | area=medium | maxDets=100 ] = 0.697
 Average Recall     (AR) @[ IoU=0.50:0.95 | area= large | maxDets=100 ] = 0.789
21:02:29 valid - loss: 1.5321, AP: 0.4536